<?xml version="1.0" encoding="UTF-8"?>
<testng-results ignored="0" total="1" passed="1" failed="0" skipped="0">
  <reporter-output>
  </reporter-output>
  <suite started-at="2023-09-03T15:29:51 EDT" name="Default suite" finished-at="2023-09-03T15:29:55 EDT" duration-ms="4240">
    <groups>
    </groups>
    <test started-at="2023-09-03T15:29:51 EDT" name="Default test" finished-at="2023-09-03T15:29:55 EDT" duration-ms="4240">
      <class name="com.sample.test.Login">
        <test-method signature="launch()[pri:0, instance:com.sample.test.Login@1c7696c6]" started-at="2023-09-03T15:29:51 EDT" name="launch" finished-at="2023-09-03T15:29:55 EDT" duration-ms="4225" status="PASS">
          <reporter-output>
          </reporter-output>
        </test-method> <!-- launch -->
      </class> <!-- com.sample.test.Login -->
    </test> <!-- Default test -->
  </suite> <!-- Default suite -->
</testng-results>
